0 info it worked if it ends with ok
1 verbose cli [ '/usr/local/bin/node', '/usr/local/bin/npm', 'run', 'publish' ]
2 info using npm@3.3.12
3 info using node@v5.1.1
4 verbose run-script [ 'prepublish', 'publish', 'postpublish' ]
5 info lifecycle cs-in-js@0.0.1~prepublish: cs-in-js@0.0.1
6 verbose lifecycle cs-in-js@0.0.1~prepublish: unsafe-perm in lifecycle true
7 verbose lifecycle cs-in-js@0.0.1~prepublish: PATH: /usr/local/lib/node_modules/npm/bin/node-gyp-bin:/Users/oleg/code/cs-in-js/node_modules/.bin:/Users/oleg/.rvm/gems/ruby-2.2.1/bin:/Users/oleg/.rvm/gems/ruby-2.2.1@global/bin:/Users/oleg/.rvm/rubies/ruby-2.2.1/bin:./node_modules/.bin:/usr/local/opt/coreutils/libexec/gnubin:/usr/local/sbin:/usr/local/bin:/usr/local/bin:/usr/bin:/bin:/usr/sbin:/sbin:/opt/X11/bin:/Users/oleg/.rvm/bin:/Users/oleg/.rvm/bin
8 verbose lifecycle cs-in-js@0.0.1~prepublish: CWD: /Users/oleg/code/cs-in-js
9 silly lifecycle cs-in-js@0.0.1~prepublish: Args: [ '-c', 'npm run test && npm run lint' ]
10 silly lifecycle cs-in-js@0.0.1~prepublish: Returned: code: 1  signal: null
11 info lifecycle cs-in-js@0.0.1~prepublish: Failed to exec prepublish script
12 verbose stack Error: cs-in-js@0.0.1 prepublish: `npm run test && npm run lint`
12 verbose stack Exit status 1
12 verbose stack     at EventEmitter.<anonymous> (/usr/local/lib/node_modules/npm/lib/utils/lifecycle.js:232:16)
12 verbose stack     at emitTwo (events.js:87:13)
12 verbose stack     at EventEmitter.emit (events.js:172:7)
12 verbose stack     at ChildProcess.<anonymous> (/usr/local/lib/node_modules/npm/lib/utils/spawn.js:24:14)
12 verbose stack     at emitTwo (events.js:87:13)
12 verbose stack     at ChildProcess.emit (events.js:172:7)
12 verbose stack     at maybeClose (internal/child_process.js:818:16)
12 verbose stack     at Process.ChildProcess._handle.onexit (internal/child_process.js:211:5)
13 verbose pkgid cs-in-js@0.0.1
14 verbose cwd /Users/oleg/code/cs-in-js
15 error Darwin 15.4.0
16 error argv "/usr/local/bin/node" "/usr/local/bin/npm" "run" "publish"
17 error node v5.1.1
18 error npm  v3.3.12
19 error code ELIFECYCLE
20 error cs-in-js@0.0.1 prepublish: `npm run test && npm run lint`
20 error Exit status 1
21 error Failed at the cs-in-js@0.0.1 prepublish script 'npm run test && npm run lint'.
21 error Make sure you have the latest version of node.js and npm installed.
21 error If you do, this is most likely a problem with the cs-in-js package,
21 error not with npm itself.
21 error Tell the author that this fails on your system:
21 error     npm run test && npm run lint
21 error You can get their info via:
21 error     npm owner ls cs-in-js
21 error There is likely additional logging output above.
22 verbose exit [ 1, true ]
